hehe 0
hehe 1
hehe 2
hehe 3
hehe 4
hehe 5
hehe 6
hehe 7
hehe 8
hehe 9
hehe 10
hehe 11
hehe 12
hehe 13
hehe 14
hehe 15
hehe 16
hehe 17
hehe 18
hehe 19
hehe 20
hehe 21
hehe 22
hehe 23
hehe 24
hehe 25
hehe 26
hehe 27
hehe 28
hehe 29
hehe 30
hehe 31
hehe 32
hehe 33
hehe 34
hehe 35
hehe 36
hehe 37
hehe 38
hehe 39
hehe 40
hehe 41
hehe 42
hehe 43
hehe 44
hehe 45
hehe 46
hehe 47
hehe 48
hehe 49
hehe 50
hehe 51
hehe 52
hehe 53
hehe 54
hehe 55
hehe 56
hehe 57
hehe 58
hehe 59
hehe 60
hehe 61
hehe 62
hehe 63
hehe 64
hehe 65
hehe 66
hehe 67
hehe 68
hehe 69
hehe 70
hehe 71
hehe 72
hehe 73
hehe 74
hehe 75
hehe 76
hehe 77
hehe 78
hehe 79
hehe 80
hehe 81
hehe 82
hehe 83
hehe 84
hehe 85
hehe 86
hehe 87
hehe 88
hehe 89
hehe 90
hehe 91
hehe 92
hehe 93
hehe 94
hehe 95
hehe 96
hehe 97
hehe 98
hehe 99
